<?xml version="1.0" encoding="utf-8"?>
<testsuites>
<testsuite errors="0" failures="0" hostname="my-pc" name="pytest" skipped="0" tests="3" time="0.020" timestamp="2020-05-08T04:52:25.620140">
    <testcase classname="test_multiplication" file="test_multiplication.py" line="2" name="test_multiplication_11[1-11]" time="0.001"></testcase>
    <testcase classname="test_multiplication" file="test_multiplication.py" line="2" name="test_multiplication_11[2-22]" time="0.000"></testcase>
    <testcase classname="test_multiplication" file="test_multiplication.py" line="2" name="test_multiplication_11[3-33]" time="0.001"></testcase>
    </testsuite>
</testsuites>